#
# There is insufficient memory for the Java Runtime Environment to continue.
# Native memory allocation (mmap) failed to map 264241152 bytes for G1 virtual space
# Possible reasons:
#   The system is out of physical RAM or swap space
#   The process is running with CompressedOops enabled, and the Java Heap may be blocking the growth of the native heap
# Possible solutions:
#   Reduce memory load on the system
#   Increase physical memory or swap space
#   Check if swap backing store is full
#   Decrease Java heap size (-Xmx/-Xms)
#   Decrease number of Java threads
#   Decrease Java thread stack sizes (-Xss)
#   Set larger code cache with -XX:ReservedCodeCacheSize=
#   JVM is running with Zero Based Compressed Oops mode in which the Java heap is
#     placed in the first 32GB address space. The Java Heap base address is the
#     maximum limit for the native heap growth. Please use -XX:HeapBaseMinAddress
#     to set the Java Heap base and to place the Java Heap above 32GB virtual address.
# This output file may be truncated or incomplete.
#
#  Out of Memory Error (os_windows.cpp:3825), pid=14616, tid=23468
#
# JRE version:  (17.0.10+8) (build )
# Java VM: OpenJDK 64-Bit Server VM (17.0.10+8-b1207.12, mixed mode, sharing, tiered, compressed oops, compressed class ptrs, g1 gc, windows-amd64)
# No core dump will be written. Minidumps are not enabled by default on client versions of Windows
#

---------------  S U M M A R Y ------------

Command Line: git4idea.http.GitAskPassApp Username for 'https://github.com': 

Host: Intel(R) Core(TM) i5-14500, 20 cores, 15G,  Windows 11 , 64 bit Build 26100 (10.0.26100.7309)
Time: Wed Dec 17 23:34:10 2025 SE Asia Standard Time elapsed time: 1.048747 seconds (0d 0h 0m 1s)

---------------  T H R E A D  ---------------

Current thread (0x000001dd54ab8ad0):  JavaThread "Unknown thread" [_thread_in_vm, id=23468, stack(0x000000a68fc00000,0x000000a68fd00000)]

Stack: [0x000000a68fc00000,0x000000a68fd00000]
Native frames: (J=compiled Java code, j=interpreted, Vv=VM code, C=native code)
V  [jvm.dll+0x687989]
V  [jvm.dll+0x84116a]
V  [jvm.dll+0x842dae]
V  [jvm.dll+0x843413]
V  [jvm.dll+0x249ccf]
V  [jvm.dll+0x684759]
V  [jvm.dll+0x67900a]
V  [jvm.dll+0x30ab0b]
V  [jvm.dll+0x311fb6]
V  [jvm.dll+0x361d5e]
V  [jvm.dll+0x361f8f]
V  [jvm.dll+0x2e07f8]
V  [jvm.dll+0x2e1764]
V  [jvm.dll+0x811c31]
V  [jvm.dll+0x36fc11]
V  [jvm.dll+0x7f0666]
V  [jvm.dll+0x3f3daf]
V  [jvm.dll+0x3f5a41]
C  [jli.dll+0x528f]
C  [ucrtbase.dll+0x37b0]
C  [KERNEL32.DLL+0x2e8d7]
C  [ntdll.dll+0x8c53c]


---------------  P R O C E S S  ---------------

Threads class SMR info:
_java_thread_list=0x00007ffd2076df58, length=0, elements={
}

Java Threads: ( => current thread )

Other Threads:
  0x000001dd54b27fb0 GCTaskThread "GC Thread#0" [stack: 0x000000a68fd00000,0x000000a68fe00000] [id=25496]
  0x000001dd54b397d0 ConcurrentGCThread "G1 Main Marker" [stack: 0x000000a68fe00000,0x000000a68ff00000] [id=2980]
  0x000001dd54b3a1f0 ConcurrentGCThread "G1 Conc#0" [stack: 0x000000a68ff00000,0x000000a690000000] [id=24012]

[error occurred during error reporting (printing all threads), id 0xc0000005, EXCEPTION_ACCESS_VIOLATION (0xc0000005) at pc=0x00007ffd1ff213c7]

VM state: not at safepoint (not fully initialized)

VM Mutex/Monitor currently owned by a thread:  ([mutex/lock_event])
[0x000001dd54ab5850] Heap_lock - owner thread: 0x000001dd54ab8ad0

Heap address: 0x0000000704000000, size: 4032 MB, Compressed Oops mode: Zero based, Oop shift amount: 3

CDS archive(s) mapped at: [0x0000000000000000-0x0000000000000000-0x0000000000000000), size 0, SharedBaseAddress: 0x0000000800000000, ArchiveRelocationMode: 1.
Narrow klass base: 0x0000000000000000, Narrow klass shift: 0, Narrow klass range: 0x0

GC Precious Log:
<Empty>

Heap:
 garbage-first heap   total 0K, used 0K [0x0000000704000000, 0x0000000800000000)
  region size 2048K, 0 young (0K), 0 survivors (0K)
 Metaspace       used 0K, committed 0K, reserved 0K
  class space    used 0K, committed 0K, reserved 0K

Heap Regions: E=young(eden), S=young(survivor), O=old, HS=humongous(starts), HC=humongous(continues), CS=collection set, F=free, OA=open archive, CA=closed archive, TAMS=top-at-mark-start (previous, next)

Card table byte_map: [0x000001dd684b0000,0x000001dd68c90000] _byte_map_base: 0x000001dd64c90000

Marking Bits (Prev, Next): (CMBitMap*) 0x000001dd54b285d0, (CMBitMap*) 0x000001dd54b28610
 Prev Bits: [0x000001dd69470000, 0x000001dd6d370000)
 Next Bits: [0x000001dd6d370000, 0x000001dd71270000)

GC Heap History (0 events):
No events

Dll operation events (1 events):
Event: 0.005 Loaded shared library C:\Program Files\JetBrains\IntelliJ IDEA 2024.1\jbr\bin\java.dll

Deoptimization events (0 events):
No events

Classes unloaded (0 events):
No events

Classes redefined (0 events):
No events

Internal exceptions (0 events):
No events

VM Operations (0 events):
No events

Events (0 events):
No events


Dynamic libraries:
0x00007ff6fc390000 - 0x00007ff6fc39a000 	C:\Program Files\JetBrains\IntelliJ IDEA 2024.1\jbr\bin\java.exe
0x00007ffdf4ae0000 - 0x00007ffdf4d47000 	C:\WINDOWS\SYSTEM32\ntdll.dll
0x00007ffdf3840000 - 0x00007ffdf3909000 	C:\WINDOWS\System32\KERNEL32.DLL
0x00007ffdf2200000 - 0x00007ffdf25ef000 	C:\WINDOWS\System32\KERNELBASE.dll
0x00007ffdf2730000 - 0x00007ffdf287b000 	C:\WINDOWS\System32\ucrtbase.dll
0x00007ffdd1fa0000 - 0x00007ffdd1fb7000 	C:\Program Files\JetBrains\IntelliJ IDEA 2024.1\jbr\bin\jli.dll
0x00007ffdc7e20000 - 0x00007ffdc7e3b000 	C:\Program Files\JetBrains\IntelliJ IDEA 2024.1\jbr\bin\VCRUNTIME140.dll
0x00007ffdf3d10000 - 0x00007ffdf3ed5000 	C:\WINDOWS\System32\USER32.dll
0x00007ffddf760000 - 0x00007ffddf9f3000 	C:\WINDOWS\WinSxS\amd64_microsoft.windows.common-controls_6595b64144ccf1df_6.0.26100.7309_none_3e05feeae336a044\COMCTL32.dll
0x00007ffdf1cf0000 - 0x00007ffdf1d17000 	C:\WINDOWS\System32\win32u.dll
0x00007ffdf3c60000 - 0x00007ffdf3d09000 	C:\WINDOWS\System32\msvcrt.dll
0x00007ffdf28b0000 - 0x00007ffdf28db000 	C:\WINDOWS\System32\GDI32.dll
0x00007ffdf2600000 - 0x00007ffdf272c000 	C:\WINDOWS\System32\gdi32full.dll
0x00007ffdf1db0000 - 0x00007ffdf1e53000 	C:\WINDOWS\System32\msvcp_win.dll
0x00007ffdf3ab0000 - 0x00007ffdf3ae1000 	C:\WINDOWS\System32\IMM32.DLL
0x00007ffde29e0000 - 0x00007ffde29ec000 	C:\Program Files\JetBrains\IntelliJ IDEA 2024.1\jbr\bin\vcruntime140_1.dll
0x00007ffd8fc10000 - 0x00007ffd8fc9d000 	C:\Program Files\JetBrains\IntelliJ IDEA 2024.1\jbr\bin\msvcp140.dll
0x00007ffd1fc30000 - 0x00007ffd208b2000 	C:\Program Files\JetBrains\IntelliJ IDEA 2024.1\jbr\bin\server\jvm.dll
0x00007ffdf3990000 - 0x00007ffdf3a44000 	C:\WINDOWS\System32\ADVAPI32.dll
0x00007ffdf3bb0000 - 0x00007ffdf3c56000 	C:\WINDOWS\System32\sechost.dll
0x00007ffdf28f0000 - 0x00007ffdf2a08000 	C:\WINDOWS\System32\RPCRT4.dll
0x00007ffdf1a90000 - 0x00007ffdf1aee000 	C:\WINDOWS\SYSTEM32\POWRPROF.dll
0x00007ffdc3c60000 - 0x00007ffdc3c6a000 	C:\WINDOWS\SYSTEM32\WSOCK32.dll
0x00007ffde9bc0000 - 0x00007ffde9bf5000 	C:\WINDOWS\SYSTEM32\WINMM.dll
0x00007ffdf3fc0000 - 0x00007ffdf4034000 	C:\WINDOWS\System32\WS2_32.dll
0x00007ffde1e20000 - 0x00007ffde1e2b000 	C:\WINDOWS\SYSTEM32\VERSION.dll
0x00007ffdf1a70000 - 0x00007ffdf1a84000 	C:\WINDOWS\SYSTEM32\UMPDC.dll
0x00007ffdf09a0000 - 0x00007ffdf09bb000 	C:\WINDOWS\SYSTEM32\kernel.appcore.dll
0x00007ffdecdb0000 - 0x00007ffdecdba000 	C:\Program Files\JetBrains\IntelliJ IDEA 2024.1\jbr\bin\jimage.dll
0x00007ffddfa00000 - 0x00007ffddfc42000 	C:\WINDOWS\SYSTEM32\DBGHELP.DLL
0x00007ffdf31a0000 - 0x00007ffdf3525000 	C:\WINDOWS\System32\combase.dll
0x00007ffdf3ee0000 - 0x00007ffdf3fb6000 	C:\WINDOWS\System32\OLEAUT32.dll
0x00007ffddef70000 - 0x00007ffddefac000 	C:\WINDOWS\SYSTEM32\dbgcore.DLL
0x00007ffdf1fe0000 - 0x00007ffdf2085000 	C:\WINDOWS\System32\bcryptPrimitives.dll
0x00007ffddf6f0000 - 0x00007ffddf715000 	C:\Program Files\JetBrains\IntelliJ IDEA 2024.1\jbr\bin\java.dll

dbghelp: loaded successfully - version: 4.0.5 - missing functions: none
symbol engine: initialized successfully - sym options: 0x614 - pdb path: .;C:\Program Files\JetBrains\IntelliJ IDEA 2024.1\jbr\bin;C:\WINDOWS\SYSTEM32;C:\WINDOWS\WinSxS\amd64_microsoft.windows.common-controls_6595b64144ccf1df_6.0.26100.7309_none_3e05feeae336a044;C:\Program Files\JetBrains\IntelliJ IDEA 2024.1\jbr\bin\server

VM Arguments:
java_command: git4idea.http.GitAskPassApp Username for 'https://github.com': 
java_class_path (initial): C:/Program Files/JetBrains/IntelliJ IDEA 2024.1/plugins/vcs-git/lib/git4idea-rt.jar;C:/Program Files/JetBrains/IntelliJ IDEA 2024.1/lib/externalProcess-rt.jar
Launcher Type: SUN_STANDARD

[Global flags]
     intx CICompilerCount                          = 12                                        {product} {ergonomic}
     uint ConcGCThreads                            = 4                                         {product} {ergonomic}
     uint G1ConcRefinementThreads                  = 15                                        {product} {ergonomic}
   size_t G1HeapRegionSize                         = 2097152                                   {product} {ergonomic}
    uintx GCDrainStackTargetSize                   = 64                                        {product} {ergonomic}
   size_t InitialHeapSize                          = 264241152                                 {product} {ergonomic}
   size_t MarkStackSize                            = 4194304                                   {product} {ergonomic}
   size_t MaxHeapSize                              = 4227858432                                {product} {ergonomic}
   size_t MinHeapDeltaBytes                        = 2097152                                   {product} {ergonomic}
   size_t MinHeapSize                              = 8388608                                   {product} {ergonomic}
    uintx NonNMethodCodeHeapSize                   = 7602480                                {pd product} {ergonomic}
    uintx NonProfiledCodeHeapSize                  = 122027880                              {pd product} {ergonomic}
    uintx ProfiledCodeHeapSize                     = 122027880                              {pd product} {ergonomic}
    uintx ReservedCodeCacheSize                    = 251658240                              {pd product} {ergonomic}
     bool SegmentedCodeCache                       = true                                      {product} {ergonomic}
   size_t SoftMaxHeapSize                          = 4227858432                             {manageable} {ergonomic}
     bool UseCompressedClassPointers               = true                           {product lp64_product} {ergonomic}
     bool UseCompressedOops                        = true                           {product lp64_product} {ergonomic}
     bool UseG1GC                                  = true                                      {product} {ergonomic}
     bool UseLargePagesIndividualAllocation        = false                                  {pd product} {ergonomic}

Logging:
Log output configuration:
 #0: stdout all=warning uptime,level,tags
 #1: stderr all=off uptime,level,tags

Environment Variables:
PATH=C:/Program Files/Git/mingw64/libexec/git-core;C:/Program Files/Git/mingw64/libexec/git-core;C:\Program Files\Git\mingw64\bin;C:\Program Files\Git\usr\bin;C:\Users\ADMIN\bin;C:\Program Files\Common Files\Oracle\Java\javapath;C:\WINDOWS\system32;C:\WINDOWS;C:\WINDOWS\System32\Wbem;C:\WINDOWS\System32\WindowsPowerShell\v1.0\;C:\WINDOWS\System32\OpenSSH\;C:\Program Files\Docker\Docker\resources\bin;C:\dev\apache-maven-3.9.11\bin;C:\Program Files\Git\cmd;C:\Program Files\nodejs\;C:\Users\ADMIN\AppData\Local\Microsoft\WindowsApps;C:\Users\ADMIN\AppData\Roaming\npm
USERNAME=ADMIN
DISPLAY=:0.0
LC_ALL=en_US.UTF-8
TERM=xterm-256color
TMPDIR=C:\Users\ADMIN\AppData\Local\Temp
OS=Windows_NT
PROCESSOR_IDENTIFIER=Intel64 Family 6 Model 191 Stepping 2, GenuineIntel
TMP=C:\Users\ADMIN\AppData\Local\Temp
TEMP=C:\Users\ADMIN\AppData\Local\Temp



Periodic native trim disabled

JNI global refs:
JNI global refs: 0, weak refs: 0

JNI global refs memory usage: 0, weak refs: 0

OOME stack traces (most recent first):
Classloader memory used:


---------------  S Y S T E M  ---------------

OS:
 Windows 11 , 64 bit Build 26100 (10.0.26100.7309)
OS uptime: 0 days 3:51 hours
Hyper-V role detected

CPU: total 20 (initial active 20) (10 cores per cpu, 2 threads per core) family 6 model 191 stepping 2 microcode 0x32, cx8, cmov, fxsr, ht, mmx, 3dnowpref, sse, sse2, sse3, ssse3, sse4.1, sse4.2, popcnt, lzcnt, tsc, tscinvbit, avx, avx2, aes, erms, clmul, bmi1, bmi2, adx, sha, fma, vzeroupper, clflush, clflushopt, clwb, hv
Processor Information for all 20 processors :
  Max Mhz: 2600, Current Mhz: 2600, Mhz Limit: 2600

Memory: 4k page, system-wide physical 16125M (1614M free)
TotalPageFile size 28925M (AvailPageFile size 46M)
current process WorkingSet (physical memory assigned to process): 12M, peak: 12M
current process commit charge ("private bytes"): 75M, peak: 327M

vm_info: OpenJDK 64-Bit Server VM (17.0.10+8-b1207.12) for windows-amd64 JRE (17.0.10+8-b1207.12), built on 2024-03-15 by "builduser" with MS VC++ 16.10 / 16.11 (VS2019)

END.
