#
# There is insufficient memory for the Java Runtime Environment to continue.
# Native memory allocation (mmap) failed to map 264241152 bytes for G1 virtual space
# Possible reasons:
#   The system is out of physical RAM or swap space
#   The process is running with CompressedOops enabled, and the Java Heap may be blocking the growth of the native heap
# Possible solutions:
#   Reduce memory load on the system
#   Increase physical memory or swap space
#   Check if swap backing store is full
#   Decrease Java heap size (-Xmx/-Xms)
#   Decrease number of Java threads
#   Decrease Java thread stack sizes (-Xss)
#   Set larger code cache with -XX:ReservedCodeCacheSize=
#   JVM is running with Zero Based Compressed Oops mode in which the Java heap is
#     placed in the first 32GB address space. The Java Heap base address is the
#     maximum limit for the native heap growth. Please use -XX:HeapBaseMinAddress
#     to set the Java Heap base and to place the Java Heap above 32GB virtual address.
# This output file may be truncated or incomplete.
#
#  Out of Memory Error (os_windows.cpp:3825), pid=22032, tid=19376
#
# JRE version:  (17.0.10+8) (build )
# Java VM: OpenJDK 64-Bit Server VM (17.0.10+8-b1207.12, mixed mode, sharing, tiered, compressed oops, compressed class ptrs, g1 gc, windows-amd64)
# No core dump will be written. Minidumps are not enabled by default on client versions of Windows
#

---------------  S U M M A R Y ------------

Command Line: git4idea.http.GitAskPassApp Username for 'https://github.com': 

Host: Intel(R) Core(TM) i5-14500, 20 cores, 15G,  Windows 11 , 64 bit Build 26100 (10.0.26100.7309)
Time: Sun Dec 21 23:53:34 2025 SE Asia Standard Time elapsed time: 1.107787 seconds (0d 0h 0m 1s)

---------------  T H R E A D  ---------------

Current thread (0x0000029ce3657ec0):  JavaThread "Unknown thread" [_thread_in_vm, id=19376, stack(0x000000a5f7500000,0x000000a5f7600000)]

Stack: [0x000000a5f7500000,0x000000a5f7600000]
Native frames: (J=compiled Java code, j=interpreted, Vv=VM code, C=native code)
V  [jvm.dll+0x687989]
V  [jvm.dll+0x84116a]
V  [jvm.dll+0x842dae]
V  [jvm.dll+0x843413]
V  [jvm.dll+0x249ccf]
V  [jvm.dll+0x684759]
V  [jvm.dll+0x67900a]
V  [jvm.dll+0x30ab0b]
V  [jvm.dll+0x311fb6]
V  [jvm.dll+0x361d5e]
V  [jvm.dll+0x361f8f]
V  [jvm.dll+0x2e07f8]
V  [jvm.dll+0x2e1764]
V  [jvm.dll+0x811c31]
V  [jvm.dll+0x36fc11]
V  [jvm.dll+0x7f0666]
V  [jvm.dll+0x3f3daf]
V  [jvm.dll+0x3f5a41]
C  [jli.dll+0x528f]
C  [ucrtbase.dll+0x37b0]
C  [KERNEL32.DLL+0x2e8d7]
C  [ntdll.dll+0x8c53c]


---------------  P R O C E S S  ---------------

Threads class SMR info:
_java_thread_list=0x00007ff84e2edf58, length=0, elements={
}

Java Threads: ( => current thread )

Other Threads:
  0x0000029ce36c8580 GCTaskThread "GC Thread#0" [stack: 0x000000a5f7600000,0x000000a5f7700000] [id=22292]
  0x0000029cfdd42010 ConcurrentGCThread "G1 Main Marker" [stack: 0x000000a5f7700000,0x000000a5f7800000] [id=7128]
  0x0000029cfdd430e0 ConcurrentGCThread "G1 Conc#0" [stack: 0x000000a5f7800000,0x000000a5f7900000] [id=15704]

[error occurred during error reporting (printing all threads), id 0xc0000005, EXCEPTION_ACCESS_VIOLATION (0xc0000005) at pc=0x00007ff84daa13c7]

VM state: not at safepoint (not fully initialized)

VM Mutex/Monitor currently owned by a thread:  ([mutex/lock_event])
[0x0000029ce3655710] Heap_lock - owner thread: 0x0000029ce3657ec0

Heap address: 0x0000000704000000, size: 4032 MB, Compressed Oops mode: Zero based, Oop shift amount: 3

CDS archive(s) mapped at: [0x0000000000000000-0x0000000000000000-0x0000000000000000), size 0, SharedBaseAddress: 0x0000000800000000, ArchiveRelocationMode: 1.
Narrow klass base: 0x0000000000000000, Narrow klass shift: 0, Narrow klass range: 0x0

GC Precious Log:
<Empty>

Heap:
 garbage-first heap   total 0K, used 0K [0x0000000704000000, 0x0000000800000000)
  region size 2048K, 0 young (0K), 0 survivors (0K)
 Metaspace       used 0K, committed 0K, reserved 0K
  class space    used 0K, committed 0K, reserved 0K

Heap Regions: E=young(eden), S=young(survivor), O=old, HS=humongous(starts), HC=humongous(continues), CS=collection set, F=free, OA=open archive, CA=closed archive, TAMS=top-at-mark-start (previous, next)

Card table byte_map: [0x0000029cf8d40000,0x0000029cf9520000] _byte_map_base: 0x0000029cf5520000

Marking Bits (Prev, Next): (CMBitMap*) 0x0000029ce36c8ba0, (CMBitMap*) 0x0000029ce36c8be0
 Prev Bits: [0x0000029cf9d00000, 0x0000029cfdc00000)
 Next Bits: [0x0000029c80000000, 0x0000029c83f00000)

GC Heap History (0 events):
No events

Dll operation events (1 events):
Event: 0.005 Loaded shared library C:\Program Files\JetBrains\IntelliJ IDEA 2024.1\jbr\bin\java.dll

Deoptimization events (0 events):
No events

Classes unloaded (0 events):
No events

Classes redefined (0 events):
No events

Internal exceptions (0 events):
No events

VM Operations (0 events):
No events

Events (0 events):
No events


Dynamic libraries:
0x00007ff7b3280000 - 0x00007ff7b328a000 	C:\Program Files\JetBrains\IntelliJ IDEA 2024.1\jbr\bin\java.exe
0x00007ff8cb7e0000 - 0x00007ff8cba47000 	C:\WINDOWS\SYSTEM32\ntdll.dll
0x00007ff8ca790000 - 0x00007ff8ca859000 	C:\WINDOWS\System32\KERNEL32.DLL
0x00007ff8c8ef0000 - 0x00007ff8c92df000 	C:\WINDOWS\System32\KERNELBASE.dll
0x00007ff8c8b40000 - 0x00007ff8c8c8b000 	C:\WINDOWS\System32\ucrtbase.dll
0x00007ff8974c0000 - 0x00007ff8974d7000 	C:\Program Files\JetBrains\IntelliJ IDEA 2024.1\jbr\bin\jli.dll
0x00007ff8c9df0000 - 0x00007ff8c9fb5000 	C:\WINDOWS\System32\USER32.dll
0x00007ff8c8d50000 - 0x00007ff8c8d77000 	C:\WINDOWS\System32\win32u.dll
0x00007ff8b63b0000 - 0x00007ff8b6643000 	C:\WINDOWS\WinSxS\amd64_microsoft.windows.common-controls_6595b64144ccf1df_6.0.26100.7309_none_3e05feeae336a044\COMCTL32.dll
0x00007ff8c9fc0000 - 0x00007ff8c9feb000 	C:\WINDOWS\System32\GDI32.dll
0x00007ff8cacc0000 - 0x00007ff8cad69000 	C:\WINDOWS\System32\msvcrt.dll
0x00007ff8c9450000 - 0x00007ff8c957c000 	C:\WINDOWS\System32\gdi32full.dll
0x00007ff8a4990000 - 0x00007ff8a49ab000 	C:\Program Files\JetBrains\IntelliJ IDEA 2024.1\jbr\bin\VCRUNTIME140.dll
0x00007ff8c93a0000 - 0x00007ff8c9443000 	C:\WINDOWS\System32\msvcp_win.dll
0x00007ff8c9ff0000 - 0x00007ff8ca021000 	C:\WINDOWS\System32\IMM32.DLL
0x00007ff8b46c0000 - 0x00007ff8b46cc000 	C:\Program Files\JetBrains\IntelliJ IDEA 2024.1\jbr\bin\vcruntime140_1.dll
0x00007ff855f30000 - 0x00007ff855fbd000 	C:\Program Files\JetBrains\IntelliJ IDEA 2024.1\jbr\bin\msvcp140.dll
0x00007ff84d7b0000 - 0x00007ff84e432000 	C:\Program Files\JetBrains\IntelliJ IDEA 2024.1\jbr\bin\server\jvm.dll
0x00007ff8caa90000 - 0x00007ff8cab44000 	C:\WINDOWS\System32\ADVAPI32.dll
0x00007ff8c9950000 - 0x00007ff8c99f6000 	C:\WINDOWS\System32\sechost.dll
0x00007ff8ca8b0000 - 0x00007ff8ca9c8000 	C:\WINDOWS\System32\RPCRT4.dll
0x00007ff89d9a0000 - 0x00007ff89d9aa000 	C:\WINDOWS\SYSTEM32\WSOCK32.dll
0x00007ff8c8790000 - 0x00007ff8c87ee000 	C:\WINDOWS\SYSTEM32\POWRPROF.dll
0x00007ff8c0750000 - 0x00007ff8c0785000 	C:\WINDOWS\SYSTEM32\WINMM.dll
0x00007ff8c9760000 - 0x00007ff8c97d4000 	C:\WINDOWS\System32\WS2_32.dll
0x00007ff8b69f0000 - 0x00007ff8b69fb000 	C:\WINDOWS\SYSTEM32\VERSION.dll
0x00007ff8c8770000 - 0x00007ff8c8784000 	C:\WINDOWS\SYSTEM32\UMPDC.dll
0x00007ff8c7640000 - 0x00007ff8c765b000 	C:\WINDOWS\SYSTEM32\kernel.appcore.dll
0x00007ff8a5460000 - 0x00007ff8a546a000 	C:\Program Files\JetBrains\IntelliJ IDEA 2024.1\jbr\bin\jimage.dll
0x00007ff8b5050000 - 0x00007ff8b5292000 	C:\WINDOWS\SYSTEM32\DBGHELP.DLL
0x00007ff8cad70000 - 0x00007ff8cb0f5000 	C:\WINDOWS\System32\combase.dll
0x00007ff8cabe0000 - 0x00007ff8cacb6000 	C:\WINDOWS\System32\OLEAUT32.dll
0x00007ff8b5010000 - 0x00007ff8b504c000 	C:\WINDOWS\SYSTEM32\dbgcore.DLL
0x00007ff8c92f0000 - 0x00007ff8c9395000 	C:\WINDOWS\System32\bcryptPrimitives.dll
0x00007ff8a1400000 - 0x00007ff8a1425000 	C:\Program Files\JetBrains\IntelliJ IDEA 2024.1\jbr\bin\java.dll

dbghelp: loaded successfully - version: 4.0.5 - missing functions: none
symbol engine: initialized successfully - sym options: 0x614 - pdb path: .;C:\Program Files\JetBrains\IntelliJ IDEA 2024.1\jbr\bin;C:\WINDOWS\SYSTEM32;C:\WINDOWS\WinSxS\amd64_microsoft.windows.common-controls_6595b64144ccf1df_6.0.26100.7309_none_3e05feeae336a044;C:\Program Files\JetBrains\IntelliJ IDEA 2024.1\jbr\bin\server

VM Arguments:
java_command: git4idea.http.GitAskPassApp Username for 'https://github.com': 
java_class_path (initial): C:/Program Files/JetBrains/IntelliJ IDEA 2024.1/plugins/vcs-git/lib/git4idea-rt.jar;C:/Program Files/JetBrains/IntelliJ IDEA 2024.1/lib/externalProcess-rt.jar
Launcher Type: SUN_STANDARD

[Global flags]
     intx CICompilerCount                          = 12                                        {product} {ergonomic}
     uint ConcGCThreads                            = 4                                         {product} {ergonomic}
     uint G1ConcRefinementThreads                  = 15                                        {product} {ergonomic}
   size_t G1HeapRegionSize                         = 2097152                                   {product} {ergonomic}
    uintx GCDrainStackTargetSize                   = 64                                        {product} {ergonomic}
   size_t InitialHeapSize                          = 264241152                                 {product} {ergonomic}
   size_t MarkStackSize                            = 4194304                                   {product} {ergonomic}
   size_t MaxHeapSize                              = 4227858432                                {product} {ergonomic}
   size_t MinHeapDeltaBytes                        = 2097152                                   {product} {ergonomic}
   size_t MinHeapSize                              = 8388608                                   {product} {ergonomic}
    uintx NonNMethodCodeHeapSize                   = 7602480                                {pd product} {ergonomic}
    uintx NonProfiledCodeHeapSize                  = 122027880                              {pd product} {ergonomic}
    uintx ProfiledCodeHeapSize                     = 122027880                              {pd product} {ergonomic}
    uintx ReservedCodeCacheSize                    = 251658240                              {pd product} {ergonomic}
     bool SegmentedCodeCache                       = true                                      {product} {ergonomic}
   size_t SoftMaxHeapSize                          = 4227858432                             {manageable} {ergonomic}
     bool UseCompressedClassPointers               = true                           {product lp64_product} {ergonomic}
     bool UseCompressedOops                        = true                           {product lp64_product} {ergonomic}
     bool UseG1GC                                  = true                                      {product} {ergonomic}
     bool UseLargePagesIndividualAllocation        = false                                  {pd product} {ergonomic}

Logging:
Log output configuration:
 #0: stdout all=warning uptime,level,tags
 #1: stderr all=off uptime,level,tags

Environment Variables:
PATH=C:/Program Files/Git/mingw64/libexec/git-core;C:/Program Files/Git/mingw64/libexec/git-core;C:\Program Files\Git\mingw64\bin;C:\Program Files\Git\usr\bin;C:\Users\ADMIN\bin;C:\Program Files\Common Files\Oracle\Java\javapath;C:\WINDOWS\system32;C:\WINDOWS;C:\WINDOWS\System32\Wbem;C:\WINDOWS\System32\WindowsPowerShell\v1.0\;C:\WINDOWS\System32\OpenSSH\;C:\Program Files\Docker\Docker\resources\bin;C:\dev\apache-maven-3.9.11\bin;C:\Program Files\Git\cmd;C:\Program Files\nodejs\;C:\Users\ADMIN\AppData\Local\Microsoft\WindowsApps;C:\Users\ADMIN\AppData\Roaming\npm
USERNAME=ADMIN
DISPLAY=:0.0
LC_ALL=en_US.UTF-8
TERM=xterm-256color
TMPDIR=C:\Users\ADMIN\AppData\Local\Temp
OS=Windows_NT
PROCESSOR_IDENTIFIER=Intel64 Family 6 Model 191 Stepping 2, GenuineIntel
TMP=C:\Users\ADMIN\AppData\Local\Temp
TEMP=C:\Users\ADMIN\AppData\Local\Temp



Periodic native trim disabled

JNI global refs:
JNI global refs: 0, weak refs: 0

JNI global refs memory usage: 0, weak refs: 0

OOME stack traces (most recent first):
Classloader memory used:


---------------  S Y S T E M  ---------------

OS:
 Windows 11 , 64 bit Build 26100 (10.0.26100.7309)
OS uptime: 0 days 15:58 hours
Hyper-V role detected

CPU: total 20 (initial active 20) (10 cores per cpu, 2 threads per core) family 6 model 191 stepping 2 microcode 0x32, cx8, cmov, fxsr, ht, mmx, 3dnowpref, sse, sse2, sse3, ssse3, sse4.1, sse4.2, popcnt, lzcnt, tsc, tscinvbit, avx, avx2, aes, erms, clmul, bmi1, bmi2, adx, sha, fma, vzeroupper, clflush, clflushopt, clwb, hv
Processor Information for all 20 processors :
  Max Mhz: 2600, Current Mhz: 2600, Mhz Limit: 2600

Memory: 4k page, system-wide physical 16125M (957M free)
TotalPageFile size 28925M (AvailPageFile size 156M)
current process WorkingSet (physical memory assigned to process): 12M, peak: 12M
current process commit charge ("private bytes"): 75M, peak: 327M

vm_info: OpenJDK 64-Bit Server VM (17.0.10+8-b1207.12) for windows-amd64 JRE (17.0.10+8-b1207.12), built on 2024-03-15 by "builduser" with MS VC++ 16.10 / 16.11 (VS2019)

END.
